<?xml version="1.0" encoding="UTF-8"?>
<!-- Generated by org.testng.reporters.JUnitReportReporter -->
<testsuite skipped="0" hostname="DESKTOP-VKQLNKF" name="Selenium.SeleniumjavaProject.RestApITest" tests="2" failures="0" timestamp="2020-08-20T16:07:36 EDT" time="0.016" errors="0">
  <testcase name="DeleteTwitter" time="0.013" classname="Selenium.SeleniumjavaProject.RestApITest"/>
  <system-out/>
  <testcase name="postJira" time="0.003" classname="Selenium.SeleniumjavaProject.RestApITest"/>
  <system-out/>
</testsuite> <!-- Selenium.SeleniumjavaProject.RestApITest -->
