<?xml version="1.0" encoding="UTF-8"?>
<!-- Generated by org.testng.reporters.JUnitReportReporter -->
<testsuite skipped="0" hostname="DESKTOP-VKQLNKF" name="Selenium.SeleniumjavaProject.RestApITest" tests="2" failures="0" timestamp="2020-08-11T15:58:51 EDT" time="0.001" errors="0">
  <testcase name="DeleteTwitter" time="0.001" classname="Selenium.SeleniumjavaProject.RestApITest"/>
  <system-out/>
  <testcase name="postJira" time="0.000" classname="Selenium.SeleniumjavaProject.RestApITest"/>
  <system-out/>
</testsuite> <!-- Selenium.SeleniumjavaProject.RestApITest -->
