<?xml version="1.0" encoding="UTF-8"?>
<!-- Generated by org.testng.reporters.JUnitReportReporter -->
<testsuite skipped="0" hostname="DESKTOP-VKQLNKF" name="Selenium.SeleniumjavaProject.SeleniumTest" tests="2" failures="0" timestamp="2020-08-11T15:59:16 EDT" time="0.026" errors="0">
  <testcase name="BrowserAutomation" time="0.026" classname="Selenium.SeleniumjavaProject.SeleniumTest"/>
  <system-out/>
  <testcase name="WebUI" time="0.000" classname="Selenium.SeleniumjavaProject.SeleniumTest"/>
  <system-out/>
</testsuite> <!-- Selenium.SeleniumjavaProject.SeleniumTest -->
