<?xml version="1.0" encoding="UTF-8"?>
<!-- Generated by org.testng.reporters.JUnitReportReporter -->
<testsuite skipped="0" hostname="DESKTOP-VKQLNKF" name="Selenium.SeleniumjavaProject.AppiumTest" tests="2" failures="0" timestamp="2020-08-11T15:59:16 EDT" time="0.001" errors="0">
  <testcase name="MobileAutomation" time="0.000" classname="Selenium.SeleniumjavaProject.AppiumTest"/>
  <system-out/>
  <testcase name="IosApps" time="0.001" classname="Selenium.SeleniumjavaProject.AppiumTest"/>
  <system-out/>
</testsuite> <!-- Selenium.SeleniumjavaProject.AppiumTest -->
